<?xml version="1.0" encoding="UTF-8"?>
<testng-results skipped="0" failed="0" total="2" passed="2">
  <reporter-output>
  </reporter-output>
  <suite name="Suite" duration-ms="109" started-at="2018-03-02T13:49:53Z" finished-at="2018-03-02T13:49:53Z">
    <groups>
    </groups>
    <test name="Test" duration-ms="109" started-at="2018-03-02T13:49:53Z" finished-at="2018-03-02T13:49:53Z">
      <class name="secondTestPackage.SecondTestnG">
        <test-method status="PASS" signature="TestFireFox()[pri:0, instance:secondTestPackage.SecondTestnG@56f4468b]" name="TestFireFox" duration-ms="39" started-at="2018-03-02T19:19:53Z" finished-at="2018-03-02T19:19:53Z">
          <reporter-output>
          </reporter-output>
        </test-method> <!-- TestFireFox -->
        <test-method status="PASS" signature="TestFireFox1()[pri:0, instance:secondTestPackage.SecondTestnG@56f4468b]" name="TestFireFox1" duration-ms="10" started-at="2018-03-02T19:19:53Z" finished-at="2018-03-02T19:19:53Z">
          <reporter-output>
          </reporter-output>
        </test-method> <!-- TestFireFox1 -->
      </class> <!-- secondTestPackage.SecondTestnG -->
    </test> <!-- Test -->
  </suite> <!-- Suite -->
</testng-results>
